Using pre-set license
Built from '2020.2/release' branch; Version is '2020.2.2f1 (068178b99f32) revision 426360'; Using compiler version '192528614'; Build Type 'Release'
OS: 'Windows 10 Home; OS build 19041.746; Version 2004; 64bit' Language: 'en' Physical Memory: 16333 MB
BatchMode: 1, IsHumanControllingUs: 0, StartBugReporterOnCrash: 0, Is64bit: 1, IsPro: 0

 COMMAND LINE ARGUMENTS:
C:\Program Files\Unity\Hub\Editor\2020.2.2f1\Editor\Unity.exe
-adb2
-batchMode
-noUpm
-name
AssetImportWorker0
-projectPath
D:/Unity Projects/GGJ2021_FindNemoy/GGJ21-FindingNemoy/GGJ FindingNemoy
-logFile
Logs/AssetImportWorker0.log
-srvPort
63434
Successfully changed project path to: D:/Unity Projects/GGJ2021_FindNemoy/GGJ21-FindingNemoy/GGJ FindingNemoy
D:/Unity Projects/GGJ2021_FindNemoy/GGJ21-FindingNemoy/GGJ FindingNemoy
Using Asset Import Pipeline V2.
Refreshing native plugins compatible for Editor in 19.33 ms, found 0 plugins.
Preloading 0 native plugins for Editor in 0.00 ms.
Initialize engine version: 2020.2.2f1 (068178b99f32)
[Subsystems] Discovering subsystems at path C:/Program Files/Unity/Hub/Editor/2020.2.2f1/Editor/Data/Resources/UnitySubsystems
[Subsystems] Discovering subsystems at path D:/Unity Projects/GGJ2021_FindNemoy/GGJ21-FindingNemoy/GGJ FindingNemoy/Assets
GfxDevice: creating device client; threaded=0
Direct3D:
    Version:  Direct3D 11.0 [level 11.1]
    Renderer: NVIDIA GeForce GTX 1060 6GB (ID=0x1b83)
    Vendor:   
    VRAM:     6052 MB
    Driver:   27.21.14.5671
Initialize mono
Mono path[0] = 'C:/Program Files/Unity/Hub/Editor/2020.2.2f1/Editor/Data/Managed'
Mono path[1] = 'C:/Program Files/Unity/Hub/Editor/2020.2.2f1/Editor/Data/MonoBleedingEdge/lib/mono/unityjit'
Mono config path = 'C:/Program Files/Unity/Hub/Editor/2020.2.2f1/Editor/Data/MonoBleedingEdge/etc'
Using monoOptions --debugger-agent=transport=dt_socket,embedding=1,server=y,suspend=n,address=127.0.0.1:56312
Begin MonoManager ReloadAssembly
Registering precompiled unity dll's ...
Register platform support module: C:/Program Files/Unity/Hub/Editor/2020.2.2f1/Editor/Data/PlaybackEngines/WindowsStandaloneSupport/UnityEditor.WindowsStandalone.Extensions.dll
Registered in 0.001786 seconds.
Native extension for WindowsStandalone target not found
Refreshing native plugins compatible for Editor in 19.84 ms, found 0 plugins.
Preloading 0 native plugins for Editor in 0.00 ms.
Invoked RoslynAnalysisRunner static constructor.
RoslynAnalysisRunner will not be running.
RoslynAnalysisRunner has terminated.
Mono: successfully reloaded assembly
- Completed reload, in  2.296 seconds
Platform modules already initialized, skipping
Registering precompiled user dll's ...
Registered in 0.000473 seconds.
Begin MonoManager ReloadAssembly
Native extension for WindowsStandalone target not found
Refreshing native plugins compatible for Editor in 0.17 ms, found 0 plugins.
Preloading 0 native plugins for Editor in 0.00 ms.
Invoked RoslynAnalysisRunner static constructor.
RoslynAnalysisRunner will not be running.
RoslynAnalysisRunner has terminated.
Mono: successfully reloaded assembly
- Completed reload, in  0.723 seconds
Platform modules already initialized, skipping
========================================================================
Worker process is ready to serve import requests
Launched and connected shader compiler UnityShaderCompiler.exe after 0.05 seconds
Refreshing native plugins compatible for Editor in 0.31 ms, found 0 plugins.
Preloading 0 native plugins for Editor in 0.00 ms.
Unloading 1099 Unused Serialized files (Serialized files now loaded: 0)
System memory in use before: 56.5 MB.
System memory in use after: 56.6 MB.

Unloading 10 unused Assets to reduce memory usage. Loaded Objects now: 1540.
Total: 2.522800 ms (FindLiveObjects: 0.262300 ms CreateObjectMapping: 0.086500 ms MarkObjects: 2.079500 ms  DeleteObjects: 0.092600 ms)

========================================================================
Received Import Request.
  path: Assets/Scenes
  artifactKey: Guid(0b80aea4d86fb074ab65ac71473bbdc2) Importer(815301076,1909f56bfc062723c751e8b465ee728b)
Start importing Assets/Scenes using Guid(0b80aea4d86fb074ab65ac71473bbdc2) Importer(815301076,1909f56bfc062723c751e8b465ee728b)  -> (artifact id: 'e5ce74a4d839c78efc1d2ab9a8280835') in 0.008444 seconds
  Import took 0.011150 seconds .

========================================================================
Received Import Request.
  Time since last request: 0.000538 seconds.
  path: Assets/Scenes/SampleScene.unity
  artifactKey: Guid(9fc0d4010bbf28b4594072e72b8655ab) Importer(815301076,1909f56bfc062723c751e8b465ee728b)
Start importing Assets/Scenes/SampleScene.unity using Guid(9fc0d4010bbf28b4594072e72b8655ab) Importer(815301076,1909f56bfc062723c751e8b465ee728b)  -> (artifact id: '9831e44e2a700a6e1119228b2d38e767') in 0.012146 seconds
  Import took 0.014855 seconds .

========================================================================
Received Import Request.
  Time since last request: 9.835973 seconds.
  path: Assets/Scenes/TestingScene.unity
  artifactKey: Guid(9fc0d4010bbf28b4594072e72b8655ab) Importer(815301076,1909f56bfc062723c751e8b465ee728b)
Start importing Assets/Scenes/TestingScene.unity using Guid(9fc0d4010bbf28b4594072e72b8655ab) Importer(815301076,1909f56bfc062723c751e8b465ee728b)  -> (artifact id: 'd3ac96a4553e4d7e1fea6ac0f34953ea') in 0.005401 seconds
  Import took 0.028264 seconds .

========================================================================
Received Import Request.
  Time since last request: 10.024239 seconds.
  path: Assets/Scenes/FishingVillage.unity
  artifactKey: Guid(b81e1b6ccec4643419ae1d463d4f0160) Importer(815301076,1909f56bfc062723c751e8b465ee728b)
Start importing Assets/Scenes/FishingVillage.unity using Guid(b81e1b6ccec4643419ae1d463d4f0160) Importer(815301076,1909f56bfc062723c751e8b465ee728b)  -> (artifact id: '566988cdbada8ab502ba8c6f5c2983c2') in 0.008403 seconds
  Import took 0.010861 seconds .

========================================================================
Received Import Request.
  Time since last request: 9.749299 seconds.
  path: Assets/Scenes/KelpForest.unity
  artifactKey: Guid(9cb7911a9e6031b439bb001c7b578b7a) Importer(815301076,1909f56bfc062723c751e8b465ee728b)
Start importing Assets/Scenes/KelpForest.unity using Guid(9cb7911a9e6031b439bb001c7b578b7a) Importer(815301076,1909f56bfc062723c751e8b465ee728b)  -> (artifact id: '49f1246a9914250d7d2853680719615d') in 0.005290 seconds
  Import took 0.053070 seconds .

========================================================================
Received Import Request.
  Time since last request: 6.423680 seconds.
  path: Assets/Scenes/OpenOcean.unity
  artifactKey: Guid(f4f7e664a4903314c84d1189f2403d30) Importer(815301076,1909f56bfc062723c751e8b465ee728b)
Start importing Assets/Scenes/OpenOcean.unity using Guid(f4f7e664a4903314c84d1189f2403d30) Importer(815301076,1909f56bfc062723c751e8b465ee728b)  -> (artifact id: '2bba9ed7f4c20a9ba9b3f6a078c3b62d') in 0.005282 seconds
  Import took 0.006976 seconds .

========================================================================
Received Import Request.
  Time since last request: 4.707200 seconds.
  path: Assets/Scenes/Cave.unity
  artifactKey: Guid(082e0ef1e6609cc4a8c49a0b04997c96) Importer(815301076,1909f56bfc062723c751e8b465ee728b)
Start importing Assets/Scenes/Cave.unity using Guid(082e0ef1e6609cc4a8c49a0b04997c96) Importer(815301076,1909f56bfc062723c751e8b465ee728b)  -> (artifact id: 'cd50a34a9f1a40617c18e02790ed18bc') in 0.029370 seconds
  Import took 0.054501 seconds .

========================================================================
Received Import Request.
  Time since last request: 15.821902 seconds.
  path: Assets/Scenes/MainMenu.unity
  artifactKey: Guid(733f8c50816fbb64bb3242c8a1ae9b4e) Importer(815301076,1909f56bfc062723c751e8b465ee728b)
Start importing Assets/Scenes/MainMenu.unity using Guid(733f8c50816fbb64bb3242c8a1ae9b4e) Importer(815301076,1909f56bfc062723c751e8b465ee728b)  -> (artifact id: 'f0d8332891905c80643d03bad0dc6063') in 0.006664 seconds
  Import took 0.031915 seconds .

========================================================================
Received Import Request.
  Time since last request: 16.005544 seconds.
  path: Assets
  artifactKey: Guid(00000000000000001000000000000000) Importer(815301076,1909f56bfc062723c751e8b465ee728b)
Start importing Assets using Guid(00000000000000001000000000000000) Importer(815301076,1909f56bfc062723c751e8b465ee728b)  -> (artifact id: '4a6e520b92ccfc61bcfa21a7bcab8468') in 0.004827 seconds
  Import took 0.006386 seconds .

========================================================================
Received Import Request.
  Time since last request: 19.099843 seconds.
  path: Assets/EnvironmentModels
  artifactKey: Guid(0a505eb6b135a274a85fe50b8f29ffcf) Importer(815301076,1909f56bfc062723c751e8b465ee728b)
Start importing Assets/EnvironmentModels using Guid(0a505eb6b135a274a85fe50b8f29ffcf) Importer(815301076,1909f56bfc062723c751e8b465ee728b)  -> (artifact id: 'b0341aa497da49f8365b4d451377a86b') in 0.005351 seconds
  Import took 0.007239 seconds .

========================================================================
Received Import Request.
  Time since last request: 8.349937 seconds.
  path: Assets/CharacterModels
  artifactKey: Guid(1ba851234fd46634d808bf5ecd06d527) Importer(815301076,1909f56bfc062723c751e8b465ee728b)
Start importing Assets/CharacterModels using Guid(1ba851234fd46634d808bf5ecd06d527) Importer(815301076,1909f56bfc062723c751e8b465ee728b)  -> (artifact id: '55d125a71782b5e72a81f9050c8bae2b') in 0.023072 seconds
  Import took 0.029578 seconds .

========================================================================
Received Import Request.
  Time since last request: 8.876230 seconds.
  path: Assets/Materials
  artifactKey: Guid(7ca3bf8e686d4e94898b4997042141d0) Importer(815301076,1909f56bfc062723c751e8b465ee728b)
Start importing Assets/Materials using Guid(7ca3bf8e686d4e94898b4997042141d0) Importer(815301076,1909f56bfc062723c751e8b465ee728b)  -> (artifact id: '41a13ec40ce8633c1b9241b929570194') in 0.004902 seconds
  Import took 0.006561 seconds .

========================================================================
Received Import Request.
  Time since last request: 8.623024 seconds.
  path: Assets/InventoryItems
  artifactKey: Guid(d895c42daf19aa34285e27e0deaa24b5) Importer(815301076,1909f56bfc062723c751e8b465ee728b)
Start importing Assets/InventoryItems using Guid(d895c42daf19aa34285e27e0deaa24b5) Importer(815301076,1909f56bfc062723c751e8b465ee728b)  -> (artifact id: '3be4f870450c0a4822635bad0216aef2') in 0.004989 seconds
  Import took 0.006464 seconds .

========================================================================
Received Import Request.
  Time since last request: 7.641469 seconds.
  path: Assets/ParticleEffects
  artifactKey: Guid(b0af87ac487c0cf4bb8828800f35b9eb) Importer(815301076,1909f56bfc062723c751e8b465ee728b)
Start importing Assets/ParticleEffects using Guid(b0af87ac487c0cf4bb8828800f35b9eb) Importer(815301076,1909f56bfc062723c751e8b465ee728b)  -> (artifact id: '76169461d6e131555ef0b00a7d62cb93') in 0.027907 seconds
  Import took 0.034374 seconds .

========================================================================
Received Import Request.
  Time since last request: 4.167087 seconds.
  path: Assets/UI
  artifactKey: Guid(44e3214452ab99d42aa6a1af58686a9d) Importer(815301076,1909f56bfc062723c751e8b465ee728b)
Start importing Assets/UI using Guid(44e3214452ab99d42aa6a1af58686a9d) Importer(815301076,1909f56bfc062723c751e8b465ee728b)  -> (artifact id: 'c04af6f652ef416ccb999adffd6f5687') in 0.025824 seconds
  Import took 0.035620 seconds .

========================================================================
Received Import Request.
  Time since last request: 8.367431 seconds.
  path: Assets/Scripts
  artifactKey: Guid(487e51f3c1ae9154192728a96218e88f) Importer(815301076,1909f56bfc062723c751e8b465ee728b)
Start importing Assets/Scripts using Guid(487e51f3c1ae9154192728a96218e88f) Importer(815301076,1909f56bfc062723c751e8b465ee728b)  -> (artifact id: 'f9a51084a3ffde6eb9fde060847636ba') in 0.004928 seconds
  Import took 0.006479 seconds .

========================================================================
Received Import Request.
  Time since last request: 51.791411 seconds.
  path: Assets/Sound
  artifactKey: Guid(2381e2b06c6f3324c957493ab38e91f7) Importer(815301076,1909f56bfc062723c751e8b465ee728b)
Start importing Assets/Sound using Guid(2381e2b06c6f3324c957493ab38e91f7) Importer(815301076,1909f56bfc062723c751e8b465ee728b)  -> (artifact id: 'd73d29df8e2314cbead44d70a42ab5c1') in 0.005619 seconds
  Import took 0.007152 seconds .

AssetImportWorkerClient::OnTransportError - code=2 error=End of file
